android/app/build/intermediates/manifest_merge_blame_file/release/processReleaseMainManifest/manifest-merger-blame-release-report.txt
1<?xml version="1.0" encoding="utf-8"?>
2<manifest xmlns:android="http://schemas.android.com/apk/res/android"
3    package="com.habittrackernative"
4    android:versionCode="1"
5    android:versionName="1.0" >
6
7    <uses-sdk
8        android:minSdkVersion="24"
9        android:targetSdkVersion="36" />
10
11    <uses-permission android:name="android.permission.INTERNET" />
11-->src\main\AndroidManifest.xml:3:5-67
11-->src\main\AndroidManifest.xml:3:22-64
12
13    <permission
13-->[androidx.core:core:1.13.1] AndroidManifest.xml:22:5-24:47
14        android:name="com.habittrackernative.DYNAMIC_RECEIVER_NOT_EXPORTED_PERMISSION"
14-->[androidx.core:core:1.13.1] AndroidManifest.xml:23:9-81
15        android:protectionLevel="signature" />
15-->[androidx.core:core:1.13.1] AndroidManifest.xml:24:9-44
16
17    <uses-permission android:name="com.habittrackernative.DYNAMIC_RECEIVER_NOT_EXPORTED_PERMISSION" />
17-->[androidx.core:core:1.13.1] AndroidManifest.xml:26:5-97
17-->[androidx.core:core:1.13.1] AndroidManifest.xml:26:22-94
18
19    <application
20        android:name="com.habittrackernative.MainApplication"
20-->src\main\AndroidManifest.xml:6:7-38
21        android:allowBackup="false"
21-->src\main\AndroidManifest.xml:10:7-34
22        android:appComponentFactory="androidx.core.app.CoreComponentFactory"
22-->[androidx.core:core:1.13.1] AndroidManifest.xml:28:18-86
23        android:extractNativeLibs="false"
24        android:icon="@mipmap/ic_launcher"
24-->src\main\AndroidManifest.xml:8:7-41
25        android:label="@string/app_name"
25-->src\main\AndroidManifest.xml:7:7-39
26        android:roundIcon="@mipmap/ic_launcher_round"
26-->src\main\AndroidManifest.xml:9:7-52
27        android:supportsRtl="true"
27-->src\main\AndroidManifest.xml:13:7-33
28        android:theme="@style/AppTheme"
28-->src\main\AndroidManifest.xml:11:7-38
29        android:usesCleartextTraffic="false" >
29-->src\main\AndroidManifest.xml:12:7-61
30        <activity
30-->src\main\AndroidManifest.xml:14:7-25:18
31            android:name="com.habittrackernative.MainActivity"
31-->src\main\AndroidManifest.xml:15:9-37
32            android:configChanges="keyboard|keyboardHidden|orientation|screenLayout|screenSize|smallestScreenSize|uiMode"
32-->src\main\AndroidManifest.xml:17:9-118
33            android:exported="true"
33-->src\main\AndroidManifest.xml:20:9-32
34            android:label="@string/app_name"
34-->src\main\AndroidManifest.xml:16:9-41
35            android:launchMode="singleTask"
35-->src\main\AndroidManifest.xml:18:9-40
36            android:windowSoftInputMode="adjustResize" >
36-->src\main\AndroidManifest.xml:19:9-51
37            <intent-filter>
37-->src\main\AndroidManifest.xml:21:9-24:25
38                <action android:name="android.intent.action.MAIN" />
38-->src\main\AndroidManifest.xml:22:13-65
38-->src\main\AndroidManifest.xml:22:21-62
39
40                <category android:name="android.intent.category.LAUNCHER" />
40-->src\main\AndroidManifest.xml:23:13-73
40-->src\main\AndroidManifest.xml:23:23-70
41            </intent-filter>
42        </activity>
43
44        <provider
44-->[androidx.emoji2:emoji2:1.3.0] AndroidManifest.xml:24:9-32:20
45            android:name="androidx.startup.InitializationProvider"
45-->[androidx.emoji2:emoji2:1.3.0] AndroidManifest.xml:25:13-67
46            android:authorities="com.habittrackernative.androidx-startup"
46-->[androidx.emoji2:emoji2:1.3.0] AndroidManifest.xml:26:13-68
47            android:exported="false" >
47-->[androidx.emoji2:emoji2:1.3.0] AndroidManifest.xml:27:13-37
48            <meta-data
48-->[androidx.emoji2:emoji2:1.3.0] AndroidManifest.xml:29:13-31:52
49                android:name="androidx.emoji2.text.EmojiCompatInitializer"
49-->[androidx.emoji2:emoji2:1.3.0] AndroidManifest.xml:30:17-75
50                android:value="androidx.startup" />
50-->[androidx.emoji2:emoji2:1.3.0] AndroidManifest.xml:31:17-49
51            <meta-data
51-->[androidx.lifecycle:lifecycle-process:2.6.2] AndroidManifest.xml:29:13-31:52
52                android:name="androidx.lifecycle.ProcessLifecycleInitializer"
52-->[androidx.lifecycle:lifecycle-process:2.6.2] AndroidManifest.xml:30:17-78
53                android:value="androidx.startup" />
53-->[androidx.lifecycle:lifecycle-process:2.6.2] AndroidManifest.xml:31:17-49
54            <meta-data
54-->[androidx.profileinstaller:profileinstaller:1.3.1] AndroidManifest.xml:29:13-31:52
55                android:name="androidx.profileinstaller.ProfileInstallerInitializer"
55-->[androidx.profileinstaller:profileinstaller:1.3.1] AndroidManifest.xml:30:17-85
56                android:value="androidx.startup" />
56-->[androidx.profileinstaller:profileinstaller:1.3.1] AndroidManifest.xml:31:17-49
57        </provider>
58
59        <service
59-->[androidx.room:room-runtime-android:2.8.4] AndroidManifest.xml:24:9-28:63
60            android:name="androidx.room.MultiInstanceInvalidationService"
60-->[androidx.room:room-runtime-android:2.8.4] AndroidManifest.xml:25:13-74
61            android:directBootAware="true"
61-->[androidx.room:room-runtime-android:2.8.4] AndroidManifest.xml:26:13-43
62            android:exported="false" />
62-->[androidx.room:room-runtime-android:2.8.4] AndroidManifest.xml:27:13-37
63
64        <receiver
64-->[androidx.profileinstaller:profileinstaller:1.3.1] AndroidManifest.xml:34:9-52:20
65            android:name="androidx.profileinstaller.ProfileInstallReceiver"
65-->[androidx.profileinstaller:profileinstaller:1.3.1] AndroidManifest.xml:35:13-76
66            android:directBootAware="false"
66-->[androidx.profileinstaller:profileinstaller:1.3.1] AndroidManifest.xml:36:13-44
67            android:enabled="true"
67-->[androidx.profileinstaller:profileinstaller:1.3.1] AndroidManifest.xml:37:13-35
68            android:exported="true"
68-->[androidx.profileinstaller:profileinstaller:1.3.1] AndroidManifest.xml:38:13-36
69            android:permission="android.permission.DUMP" >
69-->[androidx.profileinstaller:profileinstaller:1.3.1] AndroidManifest.xml:39:13-57
70            <intent-filter>
70-->[androidx.profileinstaller:profileinstaller:1.3.1] AndroidManifest.xml:40:13-42:29
71                <action android:name="androidx.profileinstaller.action.INSTALL_PROFILE" />
71-->[androidx.profileinstaller:profileinstaller:1.3.1] AndroidManifest.xml:41:17-91
71-->[androidx.profileinstaller:profileinstaller:1.3.1] AndroidManifest.xml:41:25-88
72            </intent-filter>
73            <intent-filter>
73-->[androidx.profileinstaller:profileinstaller:1.3.1] AndroidManifest.xml:43:13-45:29
74                <action android:name="androidx.profileinstaller.action.SKIP_FILE" />
74-->[androidx.profileinstaller:profileinstaller:1.3.1] AndroidManifest.xml:44:17-85
74-->[androidx.profileinstaller:profileinstaller:1.3.1] AndroidManifest.xml:44:25-82
75            </intent-filter>
76            <intent-filter>
76-->[androidx.profileinstaller:profileinstaller:1.3.1] AndroidManifest.xml:46:13-48:29
77                <action android:name="androidx.profileinstaller.action.SAVE_PROFILE" />
77-->[androidx.profileinstaller:profileinstaller:1.3.1] AndroidManifest.xml:47:17-88
77-->[androidx.profileinstaller:profileinstaller:1.3.1] AndroidManifest.xml:47:25-85
78            </intent-filter>
79            <intent-filter>
79-->[androidx.profileinstaller:profileinstaller:1.3.1] AndroidManifest.xml:49:13-51:29
80                <action android:name="androidx.profileinstaller.action.BENCHMARK_OPERATION" />
80-->[androidx.profileinstaller:profileinstaller:1.3.1] AndroidManifest.xml:50:17-95
80-->[androidx.profileinstaller:profileinstaller:1.3.1] AndroidManifest.xml:50:25-92
81            </intent-filter>
82        </receiver>
83
84        <meta-data
84-->[com.facebook.soloader:soloader:0.12.1] AndroidManifest.xml:12:9-14:37
85            android:name="com.facebook.soloader.enabled"
85-->[com.facebook.soloader:soloader:0.12.1] AndroidManifest.xml:13:13-57
86            android:value="false" />
86-->[com.facebook.soloader:soloader:0.12.1] AndroidManifest.xml:14:13-34
87    </application>
88
89</manifest>